******************************System Enviroment******************************
* USERDOMAIN_ROAMINGPROFILE: VOSTRO-145480
* PROCESSOR_LEVEL: 6
* SESSIONNAME: Console
* ALLUSERSPROFILE: C:\ProgramData
* PROCESSOR_ARCHITECTURE: AMD64
* NVIDIAWHITELISTED: 0x01
* PSModulePath: C:\Program Files\WindowsPowerShell\Modules;C:\WINDOWS\system32\WindowsPowerShell\v1.0\Modules;C:\Program Files (x86)\Microsoft SQL Server\140\Tools\PowerShell\Modules\
* SystemDrive: C:
* USERNAME: work-group
* DHI_MIKE_2014: D:\Program Files (x86)\DHI\2014\bin\x64\
* ProgramFiles(x86): C:\Program Files (x86)
* FPS_BROWSER_USER_PROFILE_STRING: Default
* PATHEXT: .COM;.EXE;.BAT;.CMD;.VBS;.VBE;.JS;.JSE;.WSF;.WSH;.MSC
* DriverData: C:\Windows\System32\Drivers\DriverData
* SHIM_MCCOMPAT: 0x810000001
* ProgramData: C:\ProgramData
* ProgramW6432: C:\Program Files
* HOMEPATH: \Users\Administrator
* PROCESSOR_IDENTIFIER: Intel64 Family 6 Model 158 Stepping 9, GenuineIntel
* ProgramFiles: C:\Program Files
* PUBLIC: C:\Users\Public
* windir: C:\WINDOWS
* =::: ::\
* LOCALAPPDATA: C:\Users\Administrator\AppData\Local
* DHI_MZ_APP: D:\Program Files (x86)\DHI\2014\bin\x64\MzShell.exe
* USERDOMAIN: VOSTRO-145480
* AGSDESKTOPJAVA: C:\Program Files (x86)\ArcGIS\Desktop10.8\
* FPS_BROWSER_APP_PROFILE_STRING: Internet Explorer
* I_MPI_ROOT: C:\Program Files (x86)\Intel\MPI-RT\4.0.2.005\
* LOGONSERVER: \\VOSTRO-145480
* asl.log: Destination=file
* OneDrive: C:\Users\Administrator\OneDrive
* APPDATA: C:\Users\Administrator\AppData\Roaming
* VBOX_MSI_INSTALL_PATH: C:\Program Files\Oracle\VirtualBox\
* CommonProgramFiles: C:\Program Files\Common Files
* Path: C:\Users\Administrator\AppData\Roaming\ActiveState\bin;C:\Program Files\Common Files\Oracle\Java\javapath;C:\Program Files (x86)\Intel\MPI-RT\4.0.2.005\em64t\bin;C:\Program Files (x86)\Intel\MPI-RT\4.0.2.005\ia32\bin;C:\Program Files (x86)\Common Files\Oracle\Java\javapath;C:\Program Files\VanDyke Software\Clients\;C:\windows\system32;C:\windows;C:\windows\System32\Wbem;C:\windows\System32\WindowsPowerShell\v1.0\;C:\windows\System32\OpenSSH\;C:\Program Files\Microsoft SQL Server\130\Tools\Binn\;C:\Program Files\Microsoft SQL Server\Client SDK\ODBC\170\Tools\Binn\;C:\WINDOWS\system32;C:\WINDOWS;C:\WINDOWS\System32\Wbem;C:\WINDOWS\System32\WindowsPowerShell\v1.0\;C:\WINDOWS\System32\OpenSSH\;D:\Program Files\MATLAB\R2020a\runtime\win64;D:\Program Files\MATLAB\R2020a\bin;D:\Program Files\MATLAB\R2015b\runtime\win64;D:\Program Files\MATLAB\R2015b\bin;D:\Program Files\MATLAB\R2015b\polyspace\bin;C:\Program Files (x86)\Microsoft SQL Server\140\Tools\Binn\;C:\Program Files\Microsoft SQL Server\140\Tools\Binn\;C:\Program Files (x86)\Microsoft SQL Server\140\DTS\Binn\;C:\Program Files\Microsoft SQL Server\140\DTS\Binn\;C:\Program Files\Microsoft SQL Server\Client SDK\ODBC\130\Tools\Binn\;C:\Program Files (x86)\Microsoft SQL Server\150\DTS\Binn\;C:\Program Files (x86)\Wolfram Research\WolframScript\;C:\Program Files (x86)\NVIDIA Corporation\PhysX\Common;C:\Program Files\NVIDIA Corporation\NVIDIA NvDLISR;C:\Program Files (x86)\ArcGIS\Bin;C:\Program Files\dotnet\;C:\Program Files\MySQL\MySQL Utilities 1.6\;C:\Program Files\MySQL\MySQL Server 8.0\bin;C:\Program Files\Microsoft SQL Server Migration Assistant for MySQL\bin\;C:\Program Files\Azure Data Studio\bin;D:\Program Files\MATLAB\R2020a\polyspace\bin;C:\Program Files (x86)\dotnet\;D:\Strawberry\c\bin;D:\Strawberry\perl\site\bin;D:\Strawberry\perl\bin;C:\Program Files\PuTTY\;C:\Program Files\MySQL\MySQL Shell 8.0\bin\;C:\Users\Administrator\AppData\Local\Programs\Python\Python38\Scripts\;C:\Users\Administrator\AppData\Local\Programs\Python\Python38\;C:\Users\Administrator\AppData\Local\Microsoft\WindowsApps;C:\Users\Administrator\.dotnet\tools;C:\Program Files\Azure Data Studio\bin;D:\Strawberry\perl\bin;C:\Users\Administrator\AppData\Local\GitHubDesktop\bin
* OS: Windows_NT
* COMPUTERNAME: VOSTRO-145480
* PROCESSOR_REVISION: 9e09
* CommonProgramW6432: C:\Program Files\Common Files
* ComSpec: C:\WINDOWS\system32\cmd.exe
* SystemRoot: C:\WINDOWS
* TEMP: C:\Users\ADMINI~1\AppData\Local\Temp
* HOMEDRIVE: C:
* USERPROFILE: C:\Users\Administrator
* TMP: C:\Users\ADMINI~1\AppData\Local\Temp
* CommonProgramFiles(x86): C:\Program Files (x86)\Common Files
* NUMBER_OF_PROCESSORS: 8
* IDEA_INITIAL_DIRECTORY: C:\Users\Administrator\Desktop\Just do it
*****************************************************************************
2021-03-07 10:51:55, Info               RegExpTool   initialize: Start RegExp Tool.
2021-03-07 10:51:55, Info               RegExpTool   ApplySetting: ApplySetting
2021-03-07 10:51:55, Info               RegExpTool   initialize: initialize program end.
2021-03-07 10:51:59, Info               RegExpTool   MenuEditRegexpHistoryOnAcion: Edit History file.
2021-03-07 10:52:20, Info               RegExpTool   MenuEditRegexpHistoryOnAcion: Edit History file.
2021-03-07 10:52:24, Info               RegExpTool   MenuEditMypattensOnAction: Edit mypatterns file.
2021-03-07 10:52:28, Info               RegExpTool   MenuEditSettingsOnAction: Edit Setting file.
2021-03-07 10:52:52, Info               RegExpTool   lambda$start$0: RegexpTool closed.
2021-03-07 10:52:59, Info               RegExpTool   initialize: Start RegExp Tool.
2021-03-07 10:52:59, Info               RegExpTool   ApplySetting: ApplySetting
2021-03-07 10:52:59, Info               RegExpTool   initialize: initialize program end.
2021-03-07 10:53:02, Info               RegExpTool   MenuEditSettingsOnAction: Edit Setting file.
2021-03-07 10:53:14, Info               RegExpTool   lambda$start$0: RegexpTool closed.
2021-03-07 10:55:41, Info               RegExpTool   initialize: Start RegExp Tool.
2021-03-07 10:55:41, Info               RegExpTool   ApplySetting: ApplySetting
2021-03-07 10:55:41, Info               RegExpTool   initialize: initialize program end.
2021-03-07 10:55:44, Info               RegExpTool   MenuEditSettingsOnAction: Edit Setting file.
2021-03-07 10:56:05, Info               RegExpTool   lambda$start$0: RegexpTool closed.
2021-03-07 10:56:27, Info               RegExpTool   initialize: Start RegExp Tool.
2021-03-07 10:56:27, Info               RegExpTool   ApplySetting: ApplySetting
2021-03-07 10:56:27, Info               RegExpTool   initialize: initialize program end.
2021-03-07 10:56:31, Info               RegExpTool   MenuEditRegexpHistoryOnAcion: Edit History file.
2021-03-07 10:57:15, Info               RegExpTool   lambda$start$0: RegexpTool closed.
2021-03-07 11:03:03, Info               RegExpTool   initialize: Start RegExp Tool.
2021-03-07 11:03:03, Info               RegExpTool   ApplySetting: ApplySetting
2021-03-07 11:03:03, Info               RegExpTool   initialize: initialize program end.
2021-03-07 11:03:05, Info               RegExpTool   lambda$start$0: RegexpTool closed.
2021-03-07 11:10:58, Info               RegExpTool   initialize: Start RegExp Tool.
2021-03-07 11:10:58, Info               RegExpTool   ApplySetting: ApplySetting
2021-03-07 11:10:58, Info               RegExpTool   initialize: initialize program end.
2021-03-07 11:11:01, Info               RegExpTool   lambda$start$0: RegexpTool closed.
2021-03-07 11:23:43, Info               RegExpTool   initialize: Start RegExp Tool.
2021-03-07 11:23:44, Info               RegExpTool   ApplySetting: ApplySetting
2021-03-07 11:23:44, Info               RegExpTool   initialize: initialize program end.
2021-03-07 11:23:46, Info               RegExpTool   lambda$start$0: RegexpTool closed.
2021-03-07 11:25:15, Info               RegExpTool   initialize: Start RegExp Tool.
2021-03-07 11:25:16, Info               RegExpTool   ApplySetting: ApplySetting
2021-03-07 11:25:16, Info               RegExpTool   initialize: initialize program end.
2021-03-07 11:25:18, Info               RegExpTool   lambda$start$0: RegexpTool closed.
2021-03-07 11:34:42, Info               RegExpTool   initialize: Start RegExp Tool.
2021-03-07 11:34:42, Info               RegExpTool   ApplySetting: ApplySetting
2021-03-07 11:34:42, Info               RegExpTool   initialize: initialize program end.
2021-03-07 11:34:44, Info               RegExpTool   lambda$start$0: RegexpTool closed.
2021-03-07 11:43:49, Info               RegExpTool   initialize: Start RegExp Tool.
2021-03-07 11:43:49, Info               RegExpTool   ApplySetting: ApplySetting
2021-03-07 11:43:49, Info               RegExpTool   initialize: initialize program end.
2021-03-07 11:43:52, Info               RegExpTool   lambda$start$0: RegexpTool closed.
2021-03-07 11:58:10, Info               RegExpTool   initialize: Start RegExp Tool.
2021-03-07 11:58:10, Info               RegExpTool   ApplySetting: ApplySetting
2021-03-07 11:58:10, Info               RegExpTool   initialize: initialize program end.
2021-03-07 11:58:13, Info               RegExpTool   lambda$start$0: RegexpTool closed.
2021-03-07 11:58:35, Info               RegExpTool   initialize: Start RegExp Tool.
2021-03-07 11:58:35, Info               RegExpTool   ApplySetting: ApplySetting
2021-03-07 11:58:35, Info               RegExpTool   initialize: initialize program end.
2021-03-07 11:58:45, Info               RegExpTool   lambda$start$0: RegexpTool closed.
2021-03-07 11:59:29, Info               RegExpTool   initialize: Start RegExp Tool.
2021-03-07 11:59:29, Info               RegExpTool   ApplySetting: ApplySetting
2021-03-07 11:59:29, Info               RegExpTool   initialize: initialize program end.
2021-03-07 11:59:38, Info               RegExpTool   initialize: Start RegExp Tool.
2021-03-07 11:59:38, Info               RegExpTool   ApplySetting: ApplySetting
2021-03-07 11:59:38, Info               RegExpTool   initialize: initialize program end.
2021-03-07 11:59:40, Info               RegExpTool   lambda$start$0: RegexpTool closed.
2021-03-07 12:00:05, Info               RegExpTool   initialize: Start RegExp Tool.
2021-03-07 12:00:05, Info               RegExpTool   ApplySetting: ApplySetting
2021-03-07 12:00:05, Info               RegExpTool   initialize: initialize program end.
2021-03-07 12:01:47, Info               RegExpTool   initialize: Start RegExp Tool.
2021-03-07 12:01:47, Info               RegExpTool   ApplySetting: ApplySetting
2021-03-07 12:01:47, Info               RegExpTool   initialize: initialize program end.
2021-03-07 12:01:52, Info               RegExpTool   lambda$start$0: RegexpTool closed.
2021-03-07 12:03:50, Info               RegExpTool   initialize: Start RegExp Tool.
2021-03-07 12:03:50, Info               RegExpTool   ApplySetting: ApplySetting
2021-03-07 12:03:50, Info               RegExpTool   initialize: initialize program end.
2021-03-07 12:03:53, Info               RegExpTool   lambda$start$0: RegexpTool closed.
2021-03-07 12:05:23, Info               RegExpTool   lambda$start$0: RegexpTool closed.
2021-03-07 12:13:54, Info               RegExpTool   initialize: Start RegExp Tool.
2021-03-07 12:13:54, Info               RegExpTool   ApplySetting: ApplySetting
2021-03-07 12:13:54, Info               RegExpTool   initialize: initialize program end.
2021-03-07 12:13:56, Info               RegExpTool   lambda$start$0: RegexpTool closed.
2021-03-07 12:20:21, Info               RegExpTool   initialize: Start RegExp Tool.
2021-03-07 12:20:21, Info               RegExpTool   ApplySetting: ApplySetting
2021-03-07 12:20:21, Info               RegExpTool   initialize: initialize program end.
2021-03-07 12:20:24, Info               RegExpTool   lambda$start$0: RegexpTool closed.
2021-03-07 12:30:11, Info               RegExpTool   initialize: Start RegExp Tool.
2021-03-07 12:30:11, Info               RegExpTool   ApplySetting: ApplySetting
2021-03-07 12:30:11, Info               RegExpTool   initialize: initialize program end.
2021-03-07 12:30:13, Info               RegExpTool   lambda$start$0: RegexpTool closed.
2021-03-07 12:33:12, Info               RegExpTool   initialize: Start RegExp Tool.
2021-03-07 12:33:12, Info               RegExpTool   ApplySetting: ApplySetting
2021-03-07 12:33:12, Info               RegExpTool   initialize: initialize program end.
2021-03-07 12:33:14, Info               RegExpTool   lambda$start$0: RegexpTool closed.
2021-03-07 12:49:12, Info               RegExpTool   initialize: Start RegExp Tool.
2021-03-07 12:49:12, Info               RegExpTool   ApplySetting: ApplySetting
2021-03-07 12:49:12, Info               RegExpTool   initialize: initialize program end.
2021-03-07 12:49:14, Info               RegExpTool   lambda$start$0: RegexpTool closed.
2021-03-07 01:09:23, Info               RegExpTool   initialize: Start RegExp Tool.
2021-03-07 01:09:24, Info               RegExpTool   ApplySetting: ApplySetting
2021-03-07 01:09:24, Info               RegExpTool   initialize: initialize program end.
2021-03-07 01:09:51, Info               RegExpTool   lambda$start$0: RegexpTool closed.
2021-03-07 01:10:48, Info               RegExpTool   initialize: Start RegExp Tool.
2021-03-07 01:10:48, Info               RegExpTool   ApplySetting: ApplySetting
2021-03-07 01:10:48, Info               RegExpTool   initialize: initialize program end.
2021-03-07 01:10:57, Info               RegExpTool   MenuEditSettingsOnAction: Edit Setting file.
2021-03-07 01:10:59, Info               RegExpTool   lambda$start$0: RegexpTool closed.
2021-03-07 01:13:44, Info               RegExpTool   initialize: Start RegExp Tool.
2021-03-07 01:13:44, Info               RegExpTool   ApplySetting: ApplySetting
2021-03-07 01:13:44, Info               RegExpTool   initialize: initialize program end.
2021-03-07 01:13:48, Info               RegExpTool   lambda$start$0: RegexpTool closed.
2021-03-07 01:15:52, Info               RegExpTool   initialize: Start RegExp Tool.
2021-03-07 01:15:52, Info               RegExpTool   ApplySetting: ApplySetting
2021-03-07 01:15:52, Info               RegExpTool   initialize: initialize program end.
2021-03-07 01:15:54, Info               RegExpTool   lambda$start$0: RegexpTool closed.
2021-03-07 01:15:58, Info               RegExpTool   initialize: Start RegExp Tool.
2021-03-07 01:15:58, Info               RegExpTool   ApplySetting: ApplySetting
2021-03-07 01:15:58, Info               RegExpTool   initialize: initialize program end.
2021-03-07 01:16:09, Info               RegExpTool   lambda$start$0: RegexpTool closed.
2021-03-07 06:05:53, Info               RegExpTool   initialize: Start RegExp Tool.
2021-03-07 06:05:54, Info               RegExpTool   ApplySetting: ApplySetting
2021-03-07 06:05:54, Info               RegExpTool   initialize: initialize program end.
2021-03-07 06:06:04, Info               RegExpTool   initialize: Start RegExp Tool.
2021-03-07 06:06:04, Info               RegExpTool   ApplySetting: ApplySetting
2021-03-07 06:06:04, Info               RegExpTool   initialize: initialize program end.
2021-03-07 06:06:07, Info               RegExpTool   lambda$start$0: RegexpTool closed.
2021-03-07 06:07:38, Info               RegExpTool   initialize: Start RegExp Tool.
2021-03-07 06:07:38, Info               RegExpTool   ApplySetting: ApplySetting
2021-03-07 06:07:38, Info               RegExpTool   initialize: initialize program end.
2021-03-07 06:07:41, Info               RegExpTool   lambda$start$0: RegexpTool closed.
2021-03-07 06:28:49, Info               RegExpTool   initialize: Start RegExp Tool.
2021-03-07 06:28:49, Info               RegExpTool   ApplySetting: ApplySetting
2021-03-07 06:28:49, Info               RegExpTool   initialize: initialize program end.
2021-03-07 06:29:23, Info               RegExpTool   initialize: Start RegExp Tool.
2021-03-07 06:29:23, Info               RegExpTool   ApplySetting: ApplySetting
2021-03-07 06:29:23, Info               RegExpTool   initialize: initialize program end.
2021-03-07 06:30:07, Info               RegExpTool   initialize: Start RegExp Tool.
2021-03-07 06:30:07, Info               RegExpTool   ApplySetting: ApplySetting
2021-03-07 06:30:07, Info               RegExpTool   initialize: initialize program end.
2021-03-07 06:31:30, Info               RegExpTool   initialize: Start RegExp Tool.
2021-03-07 06:31:30, Info               RegExpTool   ApplySetting: ApplySetting
2021-03-07 06:31:30, Info               RegExpTool   initialize: initialize program end.
2021-03-07 06:31:32, Info               RegExpTool   lambda$start$0: RegexpTool closed.
2021-03-07 06:32:34, Info               RegExpTool   initialize: Start RegExp Tool.
2021-03-07 06:32:34, Info               RegExpTool   ApplySetting: ApplySetting
2021-03-07 06:32:34, Info               RegExpTool   initialize: initialize program end.
2021-03-07 06:32:37, Info               RegExpTool   lambda$start$0: RegexpTool closed.
2021-03-07 07:43:49, Info               RegExpTool   initialize: Start RegExp Tool.
2021-03-07 07:43:50, Info               RegExpTool   ApplySetting: ApplySetting
2021-03-07 07:43:50, Info               RegExpTool   initialize: initialize program end.
2021-03-07 07:43:54, Info               RegExpTool   lambda$start$0: RegexpTool closed.
2021-03-07 07:51:19, Info               RegExpTool   initialize: Start RegExp Tool.
2021-03-07 07:51:19, Info               RegExpTool   ApplySetting: ApplySetting
2021-03-07 07:51:19, Info               RegExpTool   initialize: initialize program end.
2021-03-07 07:51:21, Info               RegExpTool   lambda$start$0: RegexpTool closed.
